*** Using Compiler 'V5.06 update 1 (build 61)', folder: 'D:\Keil_MDK\ARM\ARMCC\Bin'
Rebuild target 'F103C8T6_BspTemplate'
assembling startup_stm32f10x_hd.s...
compiling core_cm3.c...
compiling system_stm32f10x.c...
compiling stm32f10x_crc.c...
compiling stm32f10x_adc.c...
compiling stm32f10x_bkp.c...
compiling stm32f10x_dbgmcu.c...
compiling stm32f10x_dac.c...
compiling misc.c...
compiling stm32f10x_can.c...
compiling stm32f10x_dma.c...
compiling stm32f10x_cec.c...
compiling stm32f10x_exti.c...
compiling stm32f10x_flash.c...
compiling stm32f10x_i2c.c...
compiling stm32f10x_pwr.c...
compiling stm32f10x_gpio.c...
compiling stm32f10x_iwdg.c...
compiling stm32f10x_rtc.c...
compiling stm32f10x_fsmc.c...
compiling stm32f10x_sdio.c...
compiling stm32f10x_rcc.c...
compiling stm32f10x_spi.c...
compiling main.c...
compiling stm32f10x_tim.c...
compiling stm32f10x_wwdg.c...
compiling stm32f10x_usart.c...
compiling stm32f10x_it.c...
compiling bsp_led.c...
compiling bsp_key.c...
compiling bsp_beep.c...
compiling bsp_PwmCapture_PulseWidth.c...
compiling bsp_ppm.c...
compiling bsp_usart.c...
..\..\User\usart\bsp_usart.c(3): warning:  #177-D: function "NVIC_USART1_Configuration" was declared but never referenced
  static void NVIC_USART1_Configuration(void)
..\..\User\usart\bsp_usart.c(19): warning:  #177-D: function "NVIC_USART2_Configuration" was declared but never referenced
  static void NVIC_USART2_Configuration(void)
..\..\User\usart\bsp_usart.c(35): warning:  #177-D: function "NVIC_USART3_Configuration" was declared but never referenced
  static void NVIC_USART3_Configuration(void)
..\..\User\usart\bsp_usart.c: 3 warnings, 0 errors
compiling bsp_delay.c...
compiling bsp_GpioRemap.c...
compiling bsp_motor.C...
compiling bsp_adc.c...
compiling app.c...
compiling bsp_ranger.c...
compiling bsp_oled.c...
compiling servo.c...
compiling bsp_lcd.c...
linking...
Program Size: Code=21320 RO-data=856 RW-data=116 ZI-data=1028  
FromELF: creating hex file...
"..\..\Output\F103RCT6_BspTemplate.axf" - 0 Error(s), 3 Warning(s).
Build Time Elapsed:  00:00:04
